# JRE version: OpenJDK Runtime Environment Temurin-21.0.10+7 (21.0.10+7) (build 21.0.10+7-LTS)
# Java VM: OpenJDK 64-Bit Server VM Temurin-21.0.10+7 (21.0.10+7-LTS, mixed mode, sharing, tiered, compressed oops, compressed class ptrs, parallel gc, windows-amd64)
GC Precious Log:
 CardTable entry size: 512
 CPUs: 16 total, 16 available
 Memory: 5989M
 Large Page Support: Disabled
 NUMA Support: Disabled
 Compressed Oops: Enabled (32-bit)
 Alignments: Space 512K, Generation 512K, Heap 2M
 Heap Min Capacity: 100M
 Heap Initial Capacity: 100M
 Heap Max Capacity: 2G
 Pre-touch: Disabled
 Parallel Workers: 13
Heap:
 PSYoungGen      total 1536K, used 504K [0x00000000d5580000, 0x00000000d5800000, 0x0000000100000000)
  eden space 1024K, 0% used [0x00000000d5580000,0x00000000d5580000,0x00000000d5680000)
  from space 512K, 98% used [0x00000000d5780000,0x00000000d57fe200,0x00000000d5800000)
  to   space 512K, 0% used [0x00000000d5700000,0x00000000d5700000,0x00000000d5780000)
 ParOldGen       total 514560K, used 514266K [0x0000000080000000, 0x000000009f680000, 0x00000000d5580000)
  object space 514560K, 99% used [0x0000000080000000,0x000000009f636ab8,0x000000009f680000)
 Metaspace       used 76147K, committed 77632K, reserved 1179648K
  class space    used 9115K, committed 9728K, reserved 1048576K
GC Heap History (20 events):
Event: 101.149 GC heap after
{Heap after GC invocations=827 (full 3):
 PSYoungGen      total 2048K, used 618K [0x00000000d5580000, 0x00000000d5880000, 0x0000000100000000)
  eden space 1024K, 0% used [0x00000000d5580000,0x00000000d5580000,0x00000000d5680000)
  from space 1024K, 60% used [0x00000000d5780000,0x00000000d581a908,0x00000000d5880000)
  to   space 1024K, 0% used [0x00000000d5680000,0x00000000d5680000,0x00000000d5780000)
 ParOldGen       total 509952K, used 509697K [0x0000000080000000, 0x000000009f200000, 0x00000000d5580000)
  object space 509952K, 99% used [0x0000000080000000,0x000000009f1c0588,0x000000009f200000)
 Metaspace       used 75882K, committed 77312K, reserved 1179648K
  class space    used 9089K, committed 9728K, reserved 1048576K
}
Event: 101.191 GC heap before
{Heap before GC invocations=828 (full 3):
 PSYoungGen      total 2048K, used 1642K [0x00000000d5580000, 0x00000000d5880000, 0x0000000100000000)
  eden space 1024K, 100% used [0x00000000d5580000,0x00000000d5680000,0x00000000d5680000)
  from space 1024K, 60% used [0x00000000d5780000,0x00000000d581a908,0x00000000d5880000)
  to   space 1024K, 0% used [0x00000000d5680000,0x00000000d5680000,0x00000000d5780000)
 ParOldGen       total 509952K, used 509697K [0x0000000080000000, 0x000000009f200000, 0x00000000d5580000)
  object space 509952K, 99% used [0x0000000080000000,0x000000009f1c0588,0x000000009f200000)
 Metaspace       used 75891K, committed 77376K, reserved 1179648K
  class space    used 9089K, committed 9728K, reserved 1048576K
}
Event: 101.194 GC heap after
{Heap after GC invocations=828 (full 3):
 PSYoungGen      total 2048K, used 696K [0x00000000d5580000, 0x00000000d5880000, 0x0000000100000000)
  eden space 1024K, 0% used [0x00000000d5580000,0x00000000d5580000,0x00000000d5680000)
  from space 1024K, 68% used [0x00000000d5680000,0x00000000d572e2d8,0x00000000d5780000)
  to   space 1024K, 0% used [0x00000000d5780000,0x00000000d5780000,0x00000000d5880000)
 ParOldGen       total 510464K, used 510277K [0x0000000080000000, 0x000000009f280000, 0x00000000d5580000)
  object space 510464K, 99% used [0x0000000080000000,0x000000009f2517b8,0x000000009f280000)
 Metaspace       used 75891K, committed 77376K, reserved 1179648K
  class space    used 9089K, committed 9728K, reserved 1048576K
}
Event: 101.313 GC heap before
{Heap before GC invocations=829 (full 3):
 PSYoungGen      total 2048K, used 1699K [0x00000000d5580000, 0x00000000d5880000, 0x0000000100000000)
  eden space 1024K, 97% used [0x00000000d5580000,0x00000000d567ab60,0x00000000d5680000)
  from space 1024K, 68% used [0x00000000d5680000,0x00000000d572e2d8,0x00000000d5780000)
  to   space 1024K, 0% used [0x00000000d5780000,0x00000000d5780000,0x00000000d5880000)
 ParOldGen       total 510464K, used 510277K [0x0000000080000000, 0x000000009f280000, 0x00000000d5580000)
  object space 510464K, 99% used [0x0000000080000000,0x000000009f2517b8,0x000000009f280000)
 Metaspace       used 75894K, committed 77376K, reserved 1179648K
  class space    used 9089K, committed 9728K, reserved 1048576K
}
Event: 101.317 GC heap after
{Heap after GC invocations=829 (full 3):
 PSYoungGen      total 2048K, used 729K [0x00000000d5580000, 0x00000000d5880000, 0x0000000100000000)
  eden space 1024K, 0% used [0x00000000d5580000,0x00000000d5580000,0x00000000d5680000)
  from space 1024K, 71% used [0x00000000d5780000,0x00000000d5836468,0x00000000d5880000)
  to   space 1024K, 0% used [0x00000000d5680000,0x00000000d5680000,0x00000000d5780000)
 ParOldGen       total 510976K, used 510779K [0x0000000080000000, 0x000000009f300000, 0x00000000d5580000)
  object space 510976K, 99% used [0x0000000080000000,0x000000009f2ceeb0,0x000000009f300000)
 Metaspace       used 75894K, committed 77376K, reserved 1179648K
  class space    used 9089K, committed 9728K, reserved 1048576K
}
Event: 101.545 GC heap before
{Heap before GC invocations=830 (full 3):
 PSYoungGen      total 2048K, used 1738K [0x00000000d5580000, 0x00000000d5880000, 0x0000000100000000)
  eden space 1024K, 98% used [0x00000000d5580000,0x00000000d567c4f0,0x00000000d5680000)
  from space 1024K, 71% used [0x00000000d5780000,0x00000000d5836468,0x00000000d5880000)
  to   space 1024K, 0% used [0x00000000d5680000,0x00000000d5680000,0x00000000d5780000)
 ParOldGen       total 510976K, used 510779K [0x0000000080000000, 0x000000009f300000, 0x00000000d5580000)
  object space 510976K, 99% used [0x0000000080000000,0x000000009f2ceeb0,0x000000009f300000)
 Metaspace       used 75894K, committed 77376K, reserved 1179648K
  class space    used 9089K, committed 9728K, reserved 1048576K
}
Event: 101.549 GC heap after
{Heap after GC invocations=830 (full 3):
 PSYoungGen      total 2048K, used 868K [0x00000000d5580000, 0x00000000d5880000, 0x0000000100000000)
  eden space 1024K, 0% used [0x00000000d5580000,0x00000000d5580000,0x00000000d5680000)
  from space 1024K, 84% used [0x00000000d5680000,0x00000000d5759300,0x00000000d5780000)
  to   space 1024K, 0% used [0x00000000d5780000,0x00000000d5780000,0x00000000d5880000)
 ParOldGen       total 511488K, used 511209K [0x0000000080000000, 0x000000009f380000, 0x00000000d5580000)
  object space 511488K, 99% used [0x0000000080000000,0x000000009f33a538,0x000000009f380000)
 Metaspace       used 75894K, committed 77376K, reserved 1179648K
  class space    used 9089K, committed 9728K, reserved 1048576K
}
Event: 101.678 GC heap before
{Heap before GC invocations=831 (full 3):
 PSYoungGen      total 2048K, used 1892K [0x00000000d5580000, 0x00000000d5880000, 0x0000000100000000)
  eden space 1024K, 100% used [0x00000000d5580000,0x00000000d5680000,0x00000000d5680000)
  from space 1024K, 84% used [0x00000000d5680000,0x00000000d5759300,0x00000000d5780000)
  to   space 1024K, 0% used [0x00000000d5780000,0x00000000d5780000,0x00000000d5880000)
 ParOldGen       total 511488K, used 511209K [0x0000000080000000, 0x000000009f380000, 0x00000000d5580000)
  object space 511488K, 99% used [0x0000000080000000,0x000000009f33a538,0x000000009f380000)
 Metaspace       used 75908K, committed 77376K, reserved 1179648K
  class space    used 9089K, committed 9728K, reserved 1048576K
}
Event: 101.682 GC heap after
{Heap after GC invocations=831 (full 3):
 PSYoungGen      total 2048K, used 704K [0x00000000d5580000, 0x00000000d5880000, 0x0000000100000000)
  eden space 1024K, 0% used [0x00000000d5580000,0x00000000d5580000,0x00000000d5680000)
  from space 1024K, 68% used [0x00000000d5780000,0x00000000d5830020,0x00000000d5880000)
  to   space 1024K, 0% used [0x00000000d5680000,0x00000000d5680000,0x00000000d5780000)
 ParOldGen       total 512512K, used 512187K [0x0000000080000000, 0x000000009f480000, 0x00000000d5580000)
  object space 512512K, 99% used [0x0000000080000000,0x000000009f42ecb0,0x000000009f480000)
 Metaspace       used 75908K, committed 77376K, reserved 1179648K
  class space    used 9089K, committed 9728K, reserved 1048576K
}
Event: 101.856 GC heap before
{Heap before GC invocations=832 (full 3):
 PSYoungGen      total 2048K, used 1718K [0x00000000d5580000, 0x00000000d5880000, 0x0000000100000000)
  eden space 1024K, 99% used [0x00000000d5580000,0x00000000d567d858,0x00000000d5680000)
  from space 1024K, 68% used [0x00000000d5780000,0x00000000d5830020,0x00000000d5880000)
  to   space 1024K, 0% used [0x00000000d5680000,0x00000000d5680000,0x00000000d5780000)
 ParOldGen       total 512512K, used 512187K [0x0000000080000000, 0x000000009f480000, 0x00000000d5580000)
  object space 512512K, 99% used [0x0000000080000000,0x000000009f42ecb0,0x000000009f480000)
 Metaspace       used 75911K, committed 77376K, reserved 1179648K
  class space    used 9089K, committed 9728K, reserved 1048576K
}
Event: 101.861 GC heap after
{Heap after GC invocations=832 (full 3):
 PSYoungGen      total 2048K, used 837K [0x00000000d5580000, 0x00000000d5880000, 0x0000000100000000)
  eden space 1024K, 0% used [0x00000000d5580000,0x00000000d5580000,0x00000000d5680000)
  from space 1024K, 81% used [0x00000000d5680000,0x00000000d57515f0,0x00000000d5780000)
  to   space 1024K, 0% used [0x00000000d5780000,0x00000000d5780000,0x00000000d5880000)
 ParOldGen       total 513024K, used 512691K [0x0000000080000000, 0x000000009f500000, 0x00000000d5580000)
  object space 513024K, 99% used [0x0000000080000000,0x000000009f4acfa8,0x000000009f500000)
 Metaspace       used 75911K, committed 77376K, reserved 1179648K
  class space    used 9089K, committed 9728K, reserved 1048576K
}
Event: 101.959 GC heap before
{Heap before GC invocations=833 (full 3):
 PSYoungGen      total 2048K, used 1861K [0x00000000d5580000, 0x00000000d5880000, 0x0000000100000000)
  eden space 1024K, 99% used [0x00000000d5580000,0x00000000d567ffd8,0x00000000d5680000)
  from space 1024K, 81% used [0x00000000d5680000,0x00000000d57515f0,0x00000000d5780000)
  to   space 1024K, 0% used [0x00000000d5780000,0x00000000d5780000,0x00000000d5880000)
 ParOldGen       total 513024K, used 512691K [0x0000000080000000, 0x000000009f500000, 0x00000000d5580000)
  object space 513024K, 99% used [0x0000000080000000,0x000000009f4acfa8,0x000000009f500000)
 Metaspace       used 75981K, committed 77440K, reserved 1179648K
  class space    used 9089K, committed 9728K, reserved 1048576K
}
Event: 102.968 GC heap after
{Heap after GC invocations=833 (full 3):
 PSYoungGen      total 2048K, used 728K [0x00000000d5580000, 0x00000000d5900000, 0x0000000100000000)
  eden space 1024K, 0% used [0x00000000d5580000,0x00000000d5580000,0x00000000d5680000)
  from space 1024K, 71% used [0x00000000d5780000,0x00000000d5836110,0x00000000d5880000)
  to   space 1024K, 0% used [0x00000000d5680000,0x00000000d5680000,0x00000000d5780000)
 ParOldGen       total 513536K, used 513391K [0x0000000080000000, 0x000000009f580000, 0x00000000d5580000)
  object space 513536K, 99% used [0x0000000080000000,0x000000009f55bd38,0x000000009f580000)
 Metaspace       used 75981K, committed 77440K, reserved 1179648K
  class space    used 9089K, committed 9728K, reserved 1048576K
}
Event: 103.075 GC heap before
{Heap before GC invocations=834 (full 3):
 PSYoungGen      total 2048K, used 1752K [0x00000000d5580000, 0x00000000d5900000, 0x0000000100000000)
  eden space 1024K, 100% used [0x00000000d5580000,0x00000000d5680000,0x00000000d5680000)
  from space 1024K, 71% used [0x00000000d5780000,0x00000000d5836110,0x00000000d5880000)
  to   space 1024K, 0% used [0x00000000d5680000,0x00000000d5680000,0x00000000d5780000)
 ParOldGen       total 513536K, used 513391K [0x0000000080000000, 0x000000009f580000, 0x00000000d5580000)
  object space 513536K, 99% used [0x0000000080000000,0x000000009f55bd38,0x000000009f580000)
 Metaspace       used 76023K, committed 77440K, reserved 1179648K
  class space    used 9096K, committed 9728K, reserved 1048576K
}
Event: 103.080 GC heap after
{Heap after GC invocations=834 (full 3):
 PSYoungGen      total 2048K, used 352K [0x00000000d5580000, 0x00000000d5800000, 0x0000000100000000)
  eden space 1024K, 0% used [0x00000000d5580000,0x00000000d5580000,0x00000000d5680000)
  from space 1024K, 34% used [0x00000000d5680000,0x00000000d56d8000,0x00000000d5780000)
  to   space 512K, 0% used [0x00000000d5780000,0x00000000d5780000,0x00000000d5800000)
 ParOldGen       total 514048K, used 513850K [0x0000000080000000, 0x000000009f600000, 0x00000000d5580000)
  object space 514048K, 99% used [0x0000000080000000,0x000000009f5ceb80,0x000000009f600000)
 Metaspace       used 76023K, committed 77440K, reserved 1179648K
  class space    used 9096K, committed 9728K, reserved 1048576K
}
Event: 103.202 GC heap before
{Heap before GC invocations=835 (full 3):
 PSYoungGen      total 2048K, used 1376K [0x00000000d5580000, 0x00000000d5800000, 0x0000000100000000)
  eden space 1024K, 100% used [0x00000000d5580000,0x00000000d5680000,0x00000000d5680000)
  from space 1024K, 34% used [0x00000000d5680000,0x00000000d56d8000,0x00000000d5780000)
  to   space 512K, 0% used [0x00000000d5780000,0x00000000d5780000,0x00000000d5800000)
 ParOldGen       total 514048K, used 513850K [0x0000000080000000, 0x000000009f600000, 0x00000000d5580000)
  object space 514048K, 99% used [0x0000000080000000,0x000000009f5ceb80,0x000000009f600000)
 Metaspace       used 76130K, committed 77568K, reserved 1179648K
  class space    used 9112K, committed 9728K, reserved 1048576K
}
Event: 103.208 GC heap after
{Heap after GC invocations=835 (full 3):
 PSYoungGen      total 1536K, used 352K [0x00000000d5580000, 0x00000000d5800000, 0x0000000100000000)
  eden space 1024K, 0% used [0x00000000d5580000,0x00000000d5580000,0x00000000d5680000)
  from space 512K, 68% used [0x00000000d5780000,0x00000000d57d8000,0x00000000d5800000)
  to   space 512K, 0% used [0x00000000d5700000,0x00000000d5700000,0x00000000d5780000)
 ParOldGen       total 514048K, used 513986K [0x0000000080000000, 0x000000009f600000, 0x00000000d5580000)
  object space 514048K, 99% used [0x0000000080000000,0x000000009f5f0b80,0x000000009f600000)
 Metaspace       used 76130K, committed 77568K, reserved 1179648K
  class space    used 9112K, committed 9728K, reserved 1048576K
}
Event: 104.253 GC heap before
{Heap before GC invocations=836 (full 3):
 PSYoungGen      total 1536K, used 1375K [0x00000000d5580000, 0x00000000d5800000, 0x0000000100000000)
  eden space 1024K, 99% used [0x00000000d5580000,0x00000000d567ff40,0x00000000d5680000)
  from space 512K, 68% used [0x00000000d5780000,0x00000000d57d8000,0x00000000d5800000)
  to   space 512K, 0% used [0x00000000d5700000,0x00000000d5700000,0x00000000d5780000)
 ParOldGen       total 514048K, used 514007K [0x0000000080000000, 0x000000009f600000, 0x00000000d5580000)
  object space 514048K, 99% used [0x0000000080000000,0x000000009f5f5c80,0x000000009f600000)
 Metaspace       used 76140K, committed 77632K, reserved 1179648K
  class space    used 9113K, committed 9728K, reserved 1048576K
}
Event: 104.258 GC heap after
{Heap after GC invocations=836 (full 3):
 PSYoungGen      total 1536K, used 320K [0x00000000d5580000, 0x00000000d5800000, 0x0000000100000000)
  eden space 1024K, 0% used [0x00000000d5580000,0x00000000d5580000,0x00000000d5680000)
  from space 512K, 62% used [0x00000000d5700000,0x00000000d5750000,0x00000000d5780000)
  to   space 512K, 0% used [0x00000000d5780000,0x00000000d5780000,0x00000000d5800000)
 ParOldGen       total 514560K, used 514111K [0x0000000080000000, 0x000000009f680000, 0x00000000d5580000)
  object space 514560K, 99% used [0x0000000080000000,0x000000009f60fc80,0x000000009f680000)
 Metaspace       used 76140K, committed 77632K, reserved 1179648K
  class space    used 9113K, committed 9728K, reserved 1048576K
}
Event: 104.324 GC heap before
{Heap before GC invocations=837 (full 3):
 PSYoungGen      total 1536K, used 1344K [0x00000000d5580000, 0x00000000d5800000, 0x0000000100000000)
  eden space 1024K, 100% used [0x00000000d5580000,0x00000000d5680000,0x00000000d5680000)
  from space 512K, 62% used [0x00000000d5700000,0x00000000d5750000,0x00000000d5780000)
  to   space 512K, 0% used [0x00000000d5780000,0x00000000d5780000,0x00000000d5800000)
 ParOldGen       total 514560K, used 514114K [0x0000000080000000, 0x000000009f680000, 0x00000000d5580000)
  object space 514560K, 99% used [0x0000000080000000,0x000000009f610ab8,0x000000009f680000)
 Metaspace       used 76147K, committed 77632K, reserved 1179648K
  class space    used 9115K, committed 9728K, reserved 1048576K
}

